0 info it worked if it ends with ok
1 verbose cli [ 'c:\\nodejs\\node.exe',
1 verbose cli   'c:\\nodejs\\node_modules\\npm\\bin\\npm-cli.js',
1 verbose cli   'install',
1 verbose cli   'passport@2.0',
1 verbose cli   '--save' ]
2 info using npm@1.4.28
3 info using node@v0.10.33
4 warn package.json contatooh@1.0.0 No description
5 warn package.json contatooh@1.0.0 No repository field.
6 warn package.json contatooh@1.0.0 No README data
7 verbose readDependencies using package.json deps
8 verbose cache add [ 'passport@2.0', null ]
9 verbose cache add name=undefined spec="passport@2.0" args=["passport@2.0",null]
10 verbose parsed url { protocol: null,
10 verbose parsed url   slashes: null,
10 verbose parsed url   auth: null,
10 verbose parsed url   host: null,
10 verbose parsed url   port: null,
10 verbose parsed url   hostname: null,
10 verbose parsed url   hash: null,
10 verbose parsed url   search: null,
10 verbose parsed url   query: null,
10 verbose parsed url   pathname: 'passport@2.0',
10 verbose parsed url   path: 'passport@2.0',
10 verbose parsed url   href: 'passport@2.0' }
11 verbose cache add name="passport" spec="2.0" args=["passport","2.0"]
12 verbose parsed url { protocol: null,
12 verbose parsed url   slashes: null,
12 verbose parsed url   auth: null,
12 verbose parsed url   host: null,
12 verbose parsed url   port: null,
12 verbose parsed url   hostname: null,
12 verbose parsed url   hash: null,
12 verbose parsed url   search: null,
12 verbose parsed url   query: null,
12 verbose parsed url   pathname: '2.0',
12 verbose parsed url   path: '2.0',
12 verbose parsed url   href: '2.0' }
13 verbose addNamed [ 'passport', '2.0' ]
14 verbose addNamed [ null, '>=2.0.0-0 <2.1.0-0' ]
15 silly lockFile bd8a912b-passport-2-0 passport@2.0
16 verbose lock passport@2.0 C:\Users\YthaloRossy\AppData\Roaming\npm-cache\bd8a912b-passport-2-0.lock
17 silly addNameRange { name: 'passport', range: '>=2.0.0-0 <2.1.0-0', hasData: false }
18 verbose request where is /passport
19 verbose request registry https://registry.npmjs.org/
20 verbose request id d72d62710adb6a3a
21 verbose url raw /passport
22 verbose url resolving [ 'https://registry.npmjs.org/', './passport' ]
23 verbose url resolved https://registry.npmjs.org/passport
24 verbose request where is https://registry.npmjs.org/passport
25 info trying registry request attempt 1 at 10:05:51
26 verbose etag "DNRN8Q3I6VUY42F3QGU9NP7NH"
27 http GET https://registry.npmjs.org/passport
28 http 304 https://registry.npmjs.org/passport
29 silly registry.get cb [ 304,
29 silly registry.get   { date: 'Sun, 25 Jan 2015 13:05:29 GMT',
29 silly registry.get     server: 'Apache',
29 silly registry.get     via: '1.1 varnish',
29 silly registry.get     'last-modified': 'Sun, 25 Jan 2015 13:05:29 GMT',
29 silly registry.get     'cache-control': 'max-age=60',
29 silly registry.get     etag: '"DNRN8Q3I6VUY42F3QGU9NP7NH"',
29 silly registry.get     age: '18',
29 silly registry.get     'x-served-by': 'cache-jfk1029-JFK',
29 silly registry.get     'x-cache': 'HIT',
29 silly registry.get     'x-cache-hits': '1',
29 silly registry.get     'x-timer': 'S1422191129.041979,VS0,VE0',
29 silly registry.get     vary: 'Accept',
29 silly registry.get     'content-length': '0',
29 silly registry.get     'keep-alive': 'timeout=10, max=50',
29 silly registry.get     connection: 'Keep-Alive' } ]
30 verbose etag https://registry.npmjs.org/passport from cache
31 silly addNameRange number 2 { name: 'passport', range: '>=2.0.0-0 <2.1.0-0', hasData: true }
32 silly addNameRange versions [ 'passport',
32 silly addNameRange   [ '0.1.0',
32 silly addNameRange     '0.1.1',
32 silly addNameRange     '0.1.2',
32 silly addNameRange     '0.1.3',
32 silly addNameRange     '0.1.4',
32 silly addNameRange     '0.1.5',
32 silly addNameRange     '0.1.6',
32 silly addNameRange     '0.1.7',
32 silly addNameRange     '0.1.8',
32 silly addNameRange     '0.1.9',
32 silly addNameRange     '0.1.10',
32 silly addNameRange     '0.1.11',
32 silly addNameRange     '0.1.12',
32 silly addNameRange     '0.1.13',
32 silly addNameRange     '0.1.14',
32 silly addNameRange     '0.1.15',
32 silly addNameRange     '0.1.16',
32 silly addNameRange     '0.1.17',
32 silly addNameRange     '0.1.18',
32 silly addNameRange     '0.2.0',
32 silly addNameRange     '0.2.1' ] ]
33 silly lockFile bd8a912b-passport-2-0 passport@2.0
34 silly lockFile bd8a912b-passport-2-0 passport@2.0
35 error notarget No compatible version found: passport@'>=2.0.0-0 <2.1.0-0'
35 error notarget Valid install targets:
35 error notarget ["0.1.0","0.1.1","0.1.2","0.1.3","0.1.4","0.1.5","0.1.6","0.1.7","0.1.8","0.1.9","0.1.10","0.1.11","0.1.12","0.1.13","0.1.14","0.1.15","0.1.16","0.1.17","0.1.18","0.2.0","0.2.1"]
35 error notarget
35 error notarget This is most likely not a problem with npm itself.
35 error notarget In most cases you or one of your dependencies are requesting
35 error notarget a package version that doesn't exist.
36 error System Windows_NT 6.2.9200
37 error command "c:\\nodejs\\node.exe" "c:\\nodejs\\node_modules\\npm\\bin\\npm-cli.js" "install" "passport@2.0" "--save"
38 error cwd c:\Users\YthaloRossy\Dropbox\yross_workspace\Javascript\mean-casadecodigo\contatooh
39 error node -v v0.10.33
40 error npm -v 1.4.28
41 error code ETARGET
42 verbose exit [ 1, true ]
